<?xml version="1.0" encoding="UTF-8"?>
<ns2:test-suite xmlns:ns2="urn:model.allure.qatools.yandex.ru" start="1474096766653" stop="1474096804558">
	<name>test123</name>
	<title>test123</title>
	<test-cases>
		<test-case start="1474096766654" stop="1474096791056" status="failed">
			<name>FUNCTION1</name>
			<title>FUNCTION1</title>
			<description></description>
			<labels>
			</labels>
			<parameters>
			</parameters>
			<steps>
			</steps>
			<attachments>
				<attachment title="Screenshot" source="c113560d-3265-4548-a463-aa848a2ec0f3-attachment.png" type="image/png" size="2912"/>
			</attachments>
			<failure>
				<message>Failed: waiting for page to load for 10000ms
Wait timed out after 10065ms</message>
				<stack-trace>Error: waiting for page to load for 10000ms
Wait timed out after 10065ms
    at C:\Users\Babu\AppData\Roaming\npm\node_modules\protractor\node_modules\selenium-webdriver\lib\promise.js:2241:22
    at Promise.invokeCallback_ (C:\Users\Babu\AppData\Roaming\npm\node_modules\protractor\node_modules\selenium-webdriver\lib\promise.js:1329:14)
    at TaskQueue.execute_ (C:\Users\Babu\AppData\Roaming\npm\node_modules\protractor\node_modules\selenium-webdriver\lib\promise.js:2790:14)
    at TaskQueue.executeNext_ (C:\Users\Babu\AppData\Roaming\npm\node_modules\protractor\node_modules\selenium-webdriver\lib\promise.js:2773:21)
    at C:\Users\Babu\AppData\Roaming\npm\node_modules\protractor\node_modules\selenium-webdriver\lib\promise.js:2652:27
    at C:\Users\Babu\AppData\Roaming\npm\node_modules\protractor\node_modules\selenium-webdriver\lib\promise.js:639:7
    at process._tickCallback (node.js:369:9)
From: Task: waiting for page to load for 10000ms
    at ControlFlow.wait (C:\Users\Babu\AppData\Roaming\npm\node_modules\protractor\node_modules\selenium-webdriver\lib\promise.js:2229:17)
    at WebDriver.wait (C:\Users\Babu\AppData\Roaming\npm\node_modules\protractor\node_modules\selenium-webdriver\lib\webdriver.js:688:29)
    at Protractor.get (C:\Users\Babu\AppData\Roaming\npm\node_modules\protractor\built\protractor.js:517:14)
    at Object.&lt;anonymous&gt; (C:\Users\Babu\AppData\Roaming\npm\node_modules\test\login.js:17:13)
    at C:\Users\Babu\AppData\Roaming\npm\node_modules\protractor\node_modules\jasminewd2\index.js:96:23
    at new Promise (C:\Users\Babu\AppData\Roaming\npm\node_modules\protractor\node_modules\selenium-webdriver\lib\promise.js:1043:7)
    at controlFlowExecute (C:\Users\Babu\AppData\Roaming\npm\node_modules\protractor\node_modules\jasminewd2\index.js:82:18)
    at TaskQueue.execute_ (C:\Users\Babu\AppData\Roaming\npm\node_modules\protractor\node_modules\selenium-webdriver\lib\promise.js:2790:14)
    at TaskQueue.executeNext_ (C:\Users\Babu\AppData\Roaming\npm\node_modules\protractor\node_modules\selenium-webdriver\lib\promise.js:2773:21)
    at C:\Users\Babu\AppData\Roaming\npm\node_modules\protractor\node_modules\selenium-webdriver\lib\promise.js:2697:25
From: Task: Run it(&quot;FUNCTION1&quot;) in control flow
    at Object.&lt;anonymous&gt; (C:\Users\Babu\AppData\Roaming\npm\node_modules\protractor\node_modules\jasminewd2\index.js:81:14)
    at attemptAsync (C:\Users\Babu\AppData\Roaming\npm\node_modules\protractor\node_modules\jasmine\node_modules\jasmine-core\lib\jasmine-core\jasmine.js:1916:24)
    at QueueRunner.run (C:\Users\Babu\AppData\Roaming\npm\node_modules\protractor\node_modules\jasmine\node_modules\jasmine-core\lib\jasmine-core\jasmine.js:1871:9)
    at QueueRunner.execute (C:\Users\Babu\AppData\Roaming\npm\node_modules\protractor\node_modules\jasmine\node_modules\jasmine-core\lib\jasmine-core\jasmine.js:1859:10)
    at Spec.Env.queueRunnerFactory (C:\Users\Babu\AppData\Roaming\npm\node_modules\protractor\node_modules\jasmine\node_modules\jasmine-core\lib\jasmine-core\jasmine.js:697:35)
    at Spec.execute (C:\Users\Babu\AppData\Roaming\npm\node_modules\protractor\node_modules\jasmine\node_modules\jasmine-core\lib\jasmine-core\jasmine.js:359:10)
    at Object.fn (C:\Users\Babu\AppData\Roaming\npm\node_modules\protractor\node_modules\jasmine\node_modules\jasmine-core\lib\jasmine-core\jasmine.js:2479:37)
    at attemptAsync (C:\Users\Babu\AppData\Roaming\npm\node_modules\protractor\node_modules\jasmine\node_modules\jasmine-core\lib\jasmine-core\jasmine.js:1916:24)
    at QueueRunner.run (C:\Users\Babu\AppData\Roaming\npm\node_modules\protractor\node_modules\jasmine\node_modules\jasmine-core\lib\jasmine-core\jasmine.js:1871:9)
    at QueueRunner.execute (C:\Users\Babu\AppData\Roaming\npm\node_modules\protractor\node_modules\jasmine\node_modules\jasmine-core\lib\jasmine-core\jasmine.js:1859:10)
From asynchronous test: 
Error
    at Suite.&lt;anonymous&gt; (C:\Users\Babu\AppData\Roaming\npm\node_modules\test\login.js:15:17)
    at addSpecsToSuite (C:\Users\Babu\AppData\Roaming\npm\node_modules\protractor\node_modules\jasmine\node_modules\jasmine-core\lib\jasmine-core\jasmine.js:833:25)
    at Env.describe (C:\Users\Babu\AppData\Roaming\npm\node_modules\protractor\node_modules\jasmine\node_modules\jasmine-core\lib\jasmine-core\jasmine.js:802:7)
    at jasmineInterface.describe (C:\Users\Babu\AppData\Roaming\npm\node_modules\protractor\node_modules\jasmine\node_modules\jasmine-core\lib\jasmine-core\jasmine.js:3375:18)
    at Object.&lt;anonymous&gt; (C:\Users\Babu\AppData\Roaming\npm\node_modules\test\login.js:1:1)
    at Module._compile (module.js:409:26)
    at Object.Module._extensions..js (module.js:416:10)
    at Module.load (module.js:343:32)
    at Function.Module._load (module.js:300:12)</stack-trace>
			</failure>
		</test-case>
		<test-case start="1474096791058" stop="1474096804555" status="failed">
			<name>FUNCTION2</name>
			<title>FUNCTION2</title>
			<description></description>
			<labels>
			</labels>
			<parameters>
			</parameters>
			<steps>
			</steps>
			<attachments>
				<attachment title="Screenshot" source="20d16274-e24c-481e-947b-6fec83ac01d5-attachment.png" type="image/png" size="2912"/>
			</attachments>
			<failure>
				<message>Failed: Error while waiting for Protractor to sync with the page: &quot;window.angular is undefined.  This could be either because this is a non-angular page or because your test involves client-side navigation, which can interfere with Protractor&apos;s bootstrapping.  See http://git.io/v4gXM for details&quot;</message>
				<stack-trace>Error: Failed: Error while waiting for Protractor to sync with the page: &quot;window.angular is undefined.  This could be either because this is a non-angular page or because your test involves client-side navigation, which can interfere with Protractor&apos;s bootstrapping.  See http://git.io/v4gXM for details&quot;
    at stack (C:\Users\Babu\AppData\Roaming\npm\node_modules\protractor\node_modules\jasmine\node_modules\jasmine-core\lib\jasmine-core\jasmine.js:1577:17)
    at buildExpectationResult (C:\Users\Babu\AppData\Roaming\npm\node_modules\protractor\node_modules\jasmine\node_modules\jasmine-core\lib\jasmine-core\jasmine.js:1547:14)
    at Spec.Env.expectationResultFactory (C:\Users\Babu\AppData\Roaming\npm\node_modules\protractor\node_modules\jasmine\node_modules\jasmine-core\lib\jasmine-core\jasmine.js:638:18)
    at Spec.addExpectationResult (C:\Users\Babu\AppData\Roaming\npm\node_modules\protractor\node_modules\jasmine\node_modules\jasmine-core\lib\jasmine-core\jasmine.js:330:34)
    at Env.fail (C:\Users\Babu\AppData\Roaming\npm\node_modules\protractor\node_modules\jasmine\node_modules\jasmine-core\lib\jasmine-core\jasmine.js:987:25)
    at Function.next.fail (C:\Users\Babu\AppData\Roaming\npm\node_modules\protractor\node_modules\jasmine\node_modules\jasmine-core\lib\jasmine-core\jasmine.js:1903:19)
    at C:\Users\Babu\AppData\Roaming\npm\node_modules\protractor\node_modules\jasminewd2\index.js:101:16
    at Promise.invokeCallback_ (C:\Users\Babu\AppData\Roaming\npm\node_modules\protractor\node_modules\selenium-webdriver\lib\promise.js:1329:14)
    at TaskQueue.execute_ (C:\Users\Babu\AppData\Roaming\npm\node_modules\protractor\node_modules\selenium-webdriver\lib\promise.js:2790:14)
    at TaskQueue.executeNext_ (C:\Users\Babu\AppData\Roaming\npm\node_modules\protractor\node_modules\selenium-webdriver\lib\promise.js:2773:21)</stack-trace>
			</failure>
		</test-case>
	</test-cases>
</ns2:test-suite>